-------------------------------------------------------------------------------
Test set: TestSuite
-------------------------------------------------------------------------------
Tests run: 9, Failures: 1, Errors: 0, Skipped: 0, Time elapsed: 16.039 s <<< FAILURE! - in TestSuite
loginTest(testcases.LoginSauceTest)  Time elapsed: 0.438 s  <<< FAILURE!
java.lang.AssertionError: Login attempt with username: locked_out_user and password: secret_sauce failed. expected [https://www.saucedemo.com/inventory.html] but found [https://www.saucedemo.com/]
	at testcases.LoginSauceTest.loginTest(LoginSauceTest.java:27)

