<?xml version="1.0" encoding="UTF-8"?>
<testsuite xmlns:xsi="http://www.w3.org/2001/XMLSchema-instance" xsi:noNamespaceSchemaLocation="https://maven.apache.org/surefire/maven-surefire-plugin/xsd/surefire-test-report.xsd" name="TestSuite" time="16.039" tests="9" errors="0" skipped="0" failures="1">
  <properties>
[...]
</properties>
  <testcase name="loginTest" classname="testcases.LoginSauceTest" time="0.195"/>
  <testcase name="loginTest" classname="testcases.LoginSauceTest" time="0.221"/>
  <testcase name="loginTest" classname="testcases.LoginSauceTest" time="0.438">
    <failure message="Login attempt with username: locked_out_user and password: secret_sauce failed. expected [https://www.saucedemo.com/inventory.html] but found [https://www.saucedemo.com/]" type="java.lang.AssertionError">java.lang.AssertionError: Login attempt with username: locked_out_user and password: secret_sauce failed. expected [https://www.saucedemo.com/inventory.html] but found [https://www.saucedemo.com/]
	at testcases.LoginSauceTest.loginTest(LoginSauceTest.java:27)
</failure>
    <system-out><![CDATA[https://www.saucedemo.com/
Test loginTest failed: screenshot captured
]]></system-out>
  </testcase>
  <testcase name="loginTest" classname="testcases.LoginSauceTest" time="0.201"/>
  <testcase name="loginTest" classname="testcases.LoginSauceTest" time="0.221"/>
  <testcase name="checkItems" classname="testcases.SauceDemo" time="0.805"/>
  <testcase name="checkCart" classname="testcases.SauceDemo" time="0.304"/>
  <testcase name="checkRemoveButton" classname="testcases.SauceDemo" time="0.325"/>
  <testcase name="itemSorting" classname="testcases.SelectButtonSauce" time="0.587"/>
</testsuite>