-------------------------------------------------------------------------------
Test set: TestSuite
-------------------------------------------------------------------------------
Tests run: 10, Failures: 1, Errors: 0, Skipped: 0, Time elapsed: 34.776 s <<< FAILURE! - in TestSuite
loginTest(testcases.UsersLoginTest)  Time elapsed: 0.444 s  <<< FAILURE!
java.lang.AssertionError: Login attempt with username: locked_out_user and password: secret_sauce failed. expected [https://www.saucedemo.com/inventory.html] but found [https://www.saucedemo.com/]
	at testcases.UsersLoginTest.loginTest(UsersLoginTest.java:27)

