<?xml version="1.0" encoding="UTF-8"?>
<testng-results ignored="0" total="10" passed="9" failed="1" skipped="0">
  <reporter-output>
    <line>
      <![CDATA[Method name is checkItems]]>
    </line>
    <line>
      <![CDATA[Status of execution is -> 1]]>
    </line>
    <line>
      <![CDATA[Method name is checkCart]]>
    </line>
    <line>
      <![CDATA[Status of execution is -> 1]]>
    </line>
    <line>
      <![CDATA[Method name is checkRemoveButton]]>
    </line>
    <line>
      <![CDATA[Status of execution is -> 1]]>
    </line>
    <line>
      <![CDATA[Method name is resetTest]]>
    </line>
    <line>
      <![CDATA[Status of execution is -> 1]]>
    </line>
    <line>
      <![CDATA[Method name is itemSorting]]>
    </line>
    <line>
      <![CDATA[Status of execution is -> 1]]>
    </line>
    <line>
      <![CDATA[Method name is loginTest]]>
    </line>
    <line>
      <![CDATA[Status of execution is -> 1]]>
    </line>
    <line>
      <![CDATA[Method name is loginTest]]>
    </line>
    <line>
      <![CDATA[Status of execution is -> 1]]>
    </line>
    <line>
      <![CDATA[Method name is loginTest]]>
    </line>
    <line>
      <![CDATA[Status of execution is -> 2]]>
    </line>
    <line>
      <![CDATA[<a href="C:\Users\motzos\Desktop\JavaTesting\AutomationProjectJava\screenshot\Thu.Aug.29.18-41-36.EEST.2024.png">Failure screeshot</a>]]>
    </line>
    <line>
      <![CDATA[Method name is loginTest]]>
    </line>
    <line>
      <![CDATA[Status of execution is -> 1]]>
    </line>
    <line>
      <![CDATA[Method name is loginTest]]>
    </line>
    <line>
      <![CDATA[Status of execution is -> 1]]>
    </line>
  </reporter-output>
  <suite started-at="2024-08-29T18:41:09 EEST" name="Suite" finished-at="2024-08-29T18:41:43 EEST" duration-ms="34167">
    <groups>
    </groups>
    <test started-at="2024-08-29T18:41:09 EEST" name="Automation Tests" finished-at="2024-08-29T18:41:43 EEST" duration-ms="34167">
      <class name="testcases.UsersLoginTest">
        <test-method is-config="true" signature="setUp()[pri:0, instance:testcases.UsersLoginTest@7c6908d7]" started-at="2024-08-29T18:41:30 EEST" name="setUp" finished-at="2024-08-29T18:41:31 EEST" duration-ms="1196" status="PASS">
          <reporter-output>
          </reporter-output>
        </test-method> <!-- setUp -->
        <test-method signature="loginTest(java.lang.String,java.lang.String)[pri:0, instance:testcases.UsersLoginTest@7c6908d7]" started-at="2024-08-29T18:41:31 EEST" name="loginTest" data-provider="logindata" finished-at="2024-08-29T18:41:31 EEST" duration-ms="264" status="PASS">
          <params>
            <param index="0">
              <value>
                <![CDATA[standard_user]]>
              </value>
            </param>
            <param index="1">
              <value>
                <![CDATA[secret_sauce]]>
              </value>
            </param>
          </params>
          <reporter-output>
            <line>
              <![CDATA[Method name is loginTest]]>
            </line>
            <line>
              <![CDATA[Status of execution is -> 1]]>
            </line>
          </reporter-output>
        </test-method> <!-- loginTest -->
        <test-method is-config="true" signature="tearDown()[pri:0, instance:testcases.UsersLoginTest@7c6908d7]" started-at="2024-08-29T18:41:31 EEST" name="tearDown" finished-at="2024-08-29T18:41:32 EEST" duration-ms="1192" status="PASS">
          <reporter-output>
          </reporter-output>
        </test-method> <!-- tearDown -->
        <test-method is-config="true" signature="setUp()[pri:0, instance:testcases.UsersLoginTest@7c6908d7]" started-at="2024-08-29T18:41:32 EEST" name="setUp" finished-at="2024-08-29T18:41:33 EEST" duration-ms="1106" status="PASS">
          <reporter-output>
          </reporter-output>
        </test-method> <!-- setUp -->
        <test-method signature="loginTest(java.lang.String,java.lang.String)[pri:0, instance:testcases.UsersLoginTest@7c6908d7]" started-at="2024-08-29T18:41:33 EEST" name="loginTest" data-provider="logindata" finished-at="2024-08-29T18:41:34 EEST" duration-ms="368" status="PASS">
          <params>
            <param index="0">
              <value>
                <![CDATA[problem_user]]>
              </value>
            </param>
            <param index="1">
              <value>
                <![CDATA[secret_sauce]]>
              </value>
            </param>
          </params>
          <reporter-output>
            <line>
              <![CDATA[Method name is loginTest]]>
            </line>
            <line>
              <![CDATA[Status of execution is -> 1]]>
            </line>
          </reporter-output>
        </test-method> <!-- loginTest -->
        <test-method is-config="true" signature="tearDown()[pri:0, instance:testcases.UsersLoginTest@7c6908d7]" started-at="2024-08-29T18:41:34 EEST" name="tearDown" finished-at="2024-08-29T18:41:35 EEST" duration-ms="1197" status="PASS">
          <reporter-output>
          </reporter-output>
        </test-method> <!-- tearDown -->
        <test-method is-config="true" signature="setUp()[pri:0, instance:testcases.UsersLoginTest@7c6908d7]" started-at="2024-08-29T18:41:35 EEST" name="setUp" finished-at="2024-08-29T18:41:36 EEST" duration-ms="1209" status="PASS">
          <reporter-output>
          </reporter-output>
        </test-method> <!-- setUp -->
        <test-method signature="loginTest(java.lang.String,java.lang.String)[pri:0, instance:testcases.UsersLoginTest@7c6908d7]" started-at="2024-08-29T18:41:36 EEST" name="loginTest" data-provider="logindata" finished-at="2024-08-29T18:41:36 EEST" duration-ms="261" status="FAIL">
          <params>
            <param index="0">
              <value>
                <![CDATA[locked_out_user]]>
              </value>
            </param>
            <param index="1">
              <value>
                <![CDATA[secret_sauce]]>
              </value>
            </param>
          </params>
          <exception class="java.lang.AssertionError">
            <message>
              <![CDATA[Login attempt with username: locked_out_user and password: secret_sauce failed. expected [https://www.saucedemo.com/inventory.html] but found [https://www.saucedemo.com/]]]>
            </message>
            <full-stacktrace>
              <![CDATA[java.lang.AssertionError: Login attempt with username: locked_out_user and password: secret_sauce failed. expected [https://www.saucedemo.com/inventory.html] but found [https://www.saucedemo.com/]
at org.testng.Assert.fail(Assert.java:111)
at org.testng.Assert.failNotEquals(Assert.java:1578)
at org.testng.Assert.assertEqualsImpl(Assert.java:150)
at org.testng.Assert.assertEquals(Assert.java:132)
at org.testng.Assert.assertEquals(Assert.java:656)
at testcases.UsersLoginTest.loginTest(UsersLoginTest.java:27)
at java.base/jdk.internal.reflect.DirectMethodHandleAccessor.invoke(DirectMethodHandleAccessor.java:103)
at java.base/java.lang.reflect.Method.invoke(Method.java:580)
at org.testng.internal.invokers.MethodInvocationHelper.invokeMethod(MethodInvocationHelper.java:139)
at org.testng.internal.invokers.TestInvoker.invokeMethod(TestInvoker.java:664)
at org.testng.internal.invokers.TestInvoker.invokeTestMethod(TestInvoker.java:228)
at org.testng.internal.invokers.MethodRunner.runInSequence(MethodRunner.java:63)
at org.testng.internal.invokers.TestInvoker$MethodInvocationAgent.invoke(TestInvoker.java:961)
at org.testng.internal.invokers.TestInvoker.invokeTestMethods(TestInvoker.java:201)
at org.testng.internal.invokers.TestMethodWorker.invokeTestMethods(TestMethodWorker.java:148)
at org.testng.internal.invokers.TestMethodWorker.run(TestMethodWorker.java:128)
at java.base/java.util.ArrayList.forEach(ArrayList.java:1597)
at org.testng.TestRunner.privateRun(TestRunner.java:819)
at org.testng.TestRunner.run(TestRunner.java:619)
at org.testng.SuiteRunner.runTest(SuiteRunner.java:443)
at org.testng.SuiteRunner.runSequentially(SuiteRunner.java:437)
at org.testng.SuiteRunner.privateRun(SuiteRunner.java:397)
at org.testng.SuiteRunner.run(SuiteRunner.java:336)
at org.testng.SuiteRunnerWorker.runSuite(SuiteRunnerWorker.java:52)
at org.testng.SuiteRunnerWorker.run(SuiteRunnerWorker.java:95)
at org.testng.TestNG.runSuitesSequentially(TestNG.java:1301)
at org.testng.TestNG.runSuitesLocally(TestNG.java:1228)
at org.testng.TestNG.runSuites(TestNG.java:1134)
at org.testng.TestNG.run(TestNG.java:1101)
at org.apache.maven.surefire.testng.TestNGExecutor.run(TestNGExecutor.java:283)
at org.apache.maven.surefire.testng.TestNGXmlTestSuite.execute(TestNGXmlTestSuite.java:75)
at org.apache.maven.surefire.testng.TestNGProvider.invoke(TestNGProvider.java:120)
at org.apache.maven.surefire.booter.ForkedBooter.invokeProviderInSameClassLoader(ForkedBooter.java:384)
at org.apache.maven.surefire.booter.ForkedBooter.runSuitesInProcess(ForkedBooter.java:345)
at org.apache.maven.surefire.booter.ForkedBooter.execute(ForkedBooter.java:126)
at org.apache.maven.surefire.booter.ForkedBooter.main(ForkedBooter.java:418)
]]>
            </full-stacktrace>
          </exception> <!-- java.lang.AssertionError -->
          <reporter-output>
            <line>
              <![CDATA[Method name is loginTest]]>
            </line>
            <line>
              <![CDATA[Status of execution is -> 2]]>
            </line>
            <line>
              <![CDATA[<a href="C:\Users\motzos\Desktop\JavaTesting\AutomationProjectJava\screenshot\Thu.Aug.29.18-41-36.EEST.2024.png">Failure screeshot</a>]]>
            </line>
          </reporter-output>
        </test-method> <!-- loginTest -->
        <test-method is-config="true" signature="tearDown()[pri:0, instance:testcases.UsersLoginTest@7c6908d7]" started-at="2024-08-29T18:41:37 EEST" name="tearDown" finished-at="2024-08-29T18:41:38 EEST" duration-ms="1198" status="PASS">
          <reporter-output>
          </reporter-output>
        </test-method> <!-- tearDown -->
        <test-method is-config="true" signature="setUp()[pri:0, instance:testcases.UsersLoginTest@7c6908d7]" started-at="2024-08-29T18:41:38 EEST" name="setUp" finished-at="2024-08-29T18:41:39 EEST" duration-ms="1198" status="PASS">
          <reporter-output>
          </reporter-output>
        </test-method> <!-- setUp -->
        <test-method signature="loginTest(java.lang.String,java.lang.String)[pri:0, instance:testcases.UsersLoginTest@7c6908d7]" started-at="2024-08-29T18:41:39 EEST" name="loginTest" data-provider="logindata" finished-at="2024-08-29T18:41:39 EEST" duration-ms="225" status="PASS">
          <params>
            <param index="0">
              <value>
                <![CDATA[visual_user]]>
              </value>
            </param>
            <param index="1">
              <value>
                <![CDATA[secret_sauce]]>
              </value>
            </param>
          </params>
          <reporter-output>
            <line>
              <![CDATA[Method name is loginTest]]>
            </line>
            <line>
              <![CDATA[Status of execution is -> 1]]>
            </line>
          </reporter-output>
        </test-method> <!-- loginTest -->
        <test-method is-config="true" signature="tearDown()[pri:0, instance:testcases.UsersLoginTest@7c6908d7]" started-at="2024-08-29T18:41:39 EEST" name="tearDown" finished-at="2024-08-29T18:41:40 EEST" duration-ms="1200" status="PASS">
          <reporter-output>
          </reporter-output>
        </test-method> <!-- tearDown -->
        <test-method is-config="true" signature="setUp()[pri:0, instance:testcases.UsersLoginTest@7c6908d7]" started-at="2024-08-29T18:41:40 EEST" name="setUp" finished-at="2024-08-29T18:41:42 EEST" duration-ms="1167" status="PASS">
          <reporter-output>
          </reporter-output>
        </test-method> <!-- setUp -->
        <test-method signature="loginTest(java.lang.String,java.lang.String)[pri:0, instance:testcases.UsersLoginTest@7c6908d7]" started-at="2024-08-29T18:41:42 EEST" name="loginTest" data-provider="logindata" finished-at="2024-08-29T18:41:42 EEST" duration-ms="253" status="PASS">
          <params>
            <param index="0">
              <value>
                <![CDATA[error_user]]>
              </value>
            </param>
            <param index="1">
              <value>
                <![CDATA[secret_sauce]]>
              </value>
            </param>
          </params>
          <reporter-output>
            <line>
              <![CDATA[Method name is loginTest]]>
            </line>
            <line>
              <![CDATA[Status of execution is -> 1]]>
            </line>
          </reporter-output>
        </test-method> <!-- loginTest -->
        <test-method is-config="true" signature="tearDown()[pri:0, instance:testcases.UsersLoginTest@7c6908d7]" started-at="2024-08-29T18:41:42 EEST" name="tearDown" finished-at="2024-08-29T18:41:43 EEST" duration-ms="1213" status="PASS">
          <reporter-output>
          </reporter-output>
        </test-method> <!-- tearDown -->
      </class> <!-- testcases.UsersLoginTest -->
      <class name="testcases.SelectButtonTest">
        <test-method is-config="true" signature="setUp()[pri:0, instance:testcases.SelectButtonTest@198b6731]" started-at="2024-08-29T18:41:26 EEST" name="setUp" finished-at="2024-08-29T18:41:27 EEST" duration-ms="1110" status="PASS">
          <reporter-output>
          </reporter-output>
        </test-method> <!-- setUp -->
        <test-method signature="itemSorting()[pri:0, instance:testcases.SelectButtonTest@198b6731]" started-at="2024-08-29T18:41:27 EEST" name="itemSorting" finished-at="2024-08-29T18:41:28 EEST" duration-ms="715" status="PASS">
          <reporter-output>
            <line>
              <![CDATA[Method name is itemSorting]]>
            </line>
            <line>
              <![CDATA[Status of execution is -> 1]]>
            </line>
          </reporter-output>
        </test-method> <!-- itemSorting -->
        <test-method is-config="true" signature="tearDown()[pri:0, instance:testcases.SelectButtonTest@198b6731]" started-at="2024-08-29T18:41:28 EEST" name="tearDown" finished-at="2024-08-29T18:41:29 EEST" duration-ms="1213" status="PASS">
          <reporter-output>
          </reporter-output>
        </test-method> <!-- tearDown -->
      </class> <!-- testcases.SelectButtonTest -->
      <class name="testcases.SauceTestReset">
        <test-method is-config="true" signature="setUp()[pri:0, instance:testcases.SauceTestReset@3857f613]" started-at="2024-08-29T18:41:21 EEST" name="setUp" finished-at="2024-08-29T18:41:22 EEST" duration-ms="1135" status="PASS">
          <reporter-output>
          </reporter-output>
        </test-method> <!-- setUp -->
        <test-method signature="resetTest()[pri:0, instance:testcases.SauceTestReset@3857f613]" started-at="2024-08-29T18:41:22 EEST" name="resetTest" finished-at="2024-08-29T18:41:25 EEST" duration-ms="2673" status="PASS">
          <reporter-output>
            <line>
              <![CDATA[Method name is resetTest]]>
            </line>
            <line>
              <![CDATA[Status of execution is -> 1]]>
            </line>
          </reporter-output>
        </test-method> <!-- resetTest -->
        <test-method is-config="true" signature="tearDown()[pri:0, instance:testcases.SauceTestReset@3857f613]" started-at="2024-08-29T18:41:25 EEST" name="tearDown" finished-at="2024-08-29T18:41:26 EEST" duration-ms="1198" status="PASS">
          <reporter-output>
          </reporter-output>
        </test-method> <!-- tearDown -->
      </class> <!-- testcases.SauceTestReset -->
      <class name="testcases.SauceDemo">
        <test-method is-config="true" signature="setUp()[pri:0, instance:testcases.SauceDemo@6c6cb480]" started-at="2024-08-29T18:41:09 EEST" name="setUp" finished-at="2024-08-29T18:41:11 EEST" duration-ms="2310" status="PASS">
          <reporter-output>
          </reporter-output>
        </test-method> <!-- setUp -->
        <test-method signature="checkItems()[pri:1, instance:testcases.SauceDemo@6c6cb480]" started-at="2024-08-29T18:41:11 EEST" name="checkItems" finished-at="2024-08-29T18:41:12 EEST" duration-ms="1013" status="PASS">
          <reporter-output>
            <line>
              <![CDATA[Method name is checkItems]]>
            </line>
            <line>
              <![CDATA[Status of execution is -> 1]]>
            </line>
          </reporter-output>
        </test-method> <!-- checkItems -->
        <test-method is-config="true" signature="tearDown()[pri:0, instance:testcases.SauceDemo@6c6cb480]" started-at="2024-08-29T18:41:12 EEST" name="tearDown" finished-at="2024-08-29T18:41:13 EEST" duration-ms="1207" status="PASS">
          <reporter-output>
          </reporter-output>
        </test-method> <!-- tearDown -->
        <test-method is-config="true" signature="setUp()[pri:0, instance:testcases.SauceDemo@6c6cb480]" started-at="2024-08-29T18:41:13 EEST" name="setUp" finished-at="2024-08-29T18:41:15 EEST" duration-ms="1205" status="PASS">
          <reporter-output>
          </reporter-output>
        </test-method> <!-- setUp -->
        <test-method signature="checkCart()[pri:2, instance:testcases.SauceDemo@6c6cb480]" started-at="2024-08-29T18:41:15 EEST" name="checkCart" finished-at="2024-08-29T18:41:15 EEST" duration-ms="318" status="PASS">
          <reporter-output>
            <line>
              <![CDATA[Method name is checkCart]]>
            </line>
            <line>
              <![CDATA[Status of execution is -> 1]]>
            </line>
          </reporter-output>
        </test-method> <!-- checkCart -->
        <test-method is-config="true" signature="tearDown()[pri:0, instance:testcases.SauceDemo@6c6cb480]" started-at="2024-08-29T18:41:15 EEST" name="tearDown" finished-at="2024-08-29T18:41:16 EEST" duration-ms="1199" status="PASS">
          <reporter-output>
          </reporter-output>
        </test-method> <!-- tearDown -->
        <test-method is-config="true" signature="setUp()[pri:0, instance:testcases.SauceDemo@6c6cb480]" started-at="2024-08-29T18:41:16 EEST" name="setUp" finished-at="2024-08-29T18:41:17 EEST" duration-ms="1117" status="PASS">
          <reporter-output>
          </reporter-output>
        </test-method> <!-- setUp -->
        <test-method signature="checkRemoveButton()[pri:3, instance:testcases.SauceDemo@6c6cb480]" started-at="2024-08-29T18:41:17 EEST" name="checkRemoveButton" finished-at="2024-08-29T18:41:20 EEST" duration-ms="2517" status="PASS">
          <reporter-output>
            <line>
              <![CDATA[Method name is checkRemoveButton]]>
            </line>
            <line>
              <![CDATA[Status of execution is -> 1]]>
            </line>
          </reporter-output>
        </test-method> <!-- checkRemoveButton -->
        <test-method is-config="true" signature="tearDown()[pri:0, instance:testcases.SauceDemo@6c6cb480]" started-at="2024-08-29T18:41:20 EEST" name="tearDown" finished-at="2024-08-29T18:41:21 EEST" duration-ms="1205" status="PASS">
          <reporter-output>
          </reporter-output>
        </test-method> <!-- tearDown -->
      </class> <!-- testcases.SauceDemo -->
    </test> <!-- Automation Tests -->
  </suite> <!-- Suite -->
</testng-results>
