<?xml version="1.0" encoding="UTF-8"?>
<testng-results ignored="0" total="9" passed="8" failed="1" skipped="0">
  <reporter-output>
    <line>
      <![CDATA[Method name is loginTest]]>
    </line>
    <line>
      <![CDATA[Status of execution is -> 1]]>
    </line>
    <line>
      <![CDATA[Method name is loginTest]]>
    </line>
    <line>
      <![CDATA[Status of execution is -> 1]]>
    </line>
    <line>
      <![CDATA[Method name is loginTest]]>
    </line>
    <line>
      <![CDATA[Status of execution is -> 2]]>
    </line>
    <line>
      <![CDATA[<a href="C:\Users\motzos\Desktop\JavaTesting\AutomationProjectJava\screenshot\Sat.Aug.24.13-38-03.EEST.2024.png">Failure screeshot</a>]]>
    </line>
    <line>
      <![CDATA[Method name is loginTest]]>
    </line>
    <line>
      <![CDATA[Status of execution is -> 1]]>
    </line>
    <line>
      <![CDATA[Method name is loginTest]]>
    </line>
    <line>
      <![CDATA[Status of execution is -> 1]]>
    </line>
    <line>
      <![CDATA[Method name is checkItems]]>
    </line>
    <line>
      <![CDATA[Status of execution is -> 1]]>
    </line>
    <line>
      <![CDATA[Method name is checkCart]]>
    </line>
    <line>
      <![CDATA[Status of execution is -> 1]]>
    </line>
    <line>
      <![CDATA[Method name is checkRemoveButton]]>
    </line>
    <line>
      <![CDATA[Status of execution is -> 1]]>
    </line>
    <line>
      <![CDATA[Method name is itemSorting]]>
    </line>
    <line>
      <![CDATA[Status of execution is -> 1]]>
    </line>
  </reporter-output>
  <suite started-at="2024-08-24T13:37:58 EEST" name="Suite" finished-at="2024-08-24T13:38:13 EEST" duration-ms="15472">
    <groups>
    </groups>
    <test started-at="2024-08-24T13:37:58 EEST" name="Automation Tests" finished-at="2024-08-24T13:38:13 EEST" duration-ms="15472">
      <class name="testcases.LoginSauceTest">
        <test-method is-config="true" signature="setUp()[pri:0, instance:testcases.LoginSauceTest@58a9760d]" started-at="2024-08-24T13:37:58 EEST" name="setUp" finished-at="2024-08-24T13:38:00 EEST" duration-ms="2046" status="PASS">
          <reporter-output>
          </reporter-output>
        </test-method> <!-- setUp -->
        <test-method signature="loginTest(java.lang.String,java.lang.String)[pri:0, instance:testcases.LoginSauceTest@58a9760d]" started-at="2024-08-24T13:38:00 EEST" name="loginTest" data-provider="logindata" finished-at="2024-08-24T13:38:01 EEST" duration-ms="195" status="PASS">
          <params>
            <param index="0">
              <value>
                <![CDATA[standard_user]]>
              </value>
            </param>
            <param index="1">
              <value>
                <![CDATA[secret_sauce]]>
              </value>
            </param>
          </params>
          <reporter-output>
            <line>
              <![CDATA[Method name is loginTest]]>
            </line>
            <line>
              <![CDATA[Status of execution is -> 1]]>
            </line>
          </reporter-output>
        </test-method> <!-- loginTest -->
        <test-method is-config="true" signature="tearDown()[pri:0, instance:testcases.LoginSauceTest@58a9760d]" started-at="2024-08-24T13:38:01 EEST" name="tearDown" finished-at="2024-08-24T13:38:01 EEST" duration-ms="96" status="PASS">
          <reporter-output>
          </reporter-output>
        </test-method> <!-- tearDown -->
        <test-method is-config="true" signature="setUp()[pri:0, instance:testcases.LoginSauceTest@58a9760d]" started-at="2024-08-24T13:38:01 EEST" name="setUp" finished-at="2024-08-24T13:38:02 EEST" duration-ms="1050" status="PASS">
          <reporter-output>
          </reporter-output>
        </test-method> <!-- setUp -->
        <test-method signature="loginTest(java.lang.String,java.lang.String)[pri:0, instance:testcases.LoginSauceTest@58a9760d]" started-at="2024-08-24T13:38:02 EEST" name="loginTest" data-provider="logindata" finished-at="2024-08-24T13:38:02 EEST" duration-ms="221" status="PASS">
          <params>
            <param index="0">
              <value>
                <![CDATA[problem_user]]>
              </value>
            </param>
            <param index="1">
              <value>
                <![CDATA[secret_sauce]]>
              </value>
            </param>
          </params>
          <reporter-output>
            <line>
              <![CDATA[Method name is loginTest]]>
            </line>
            <line>
              <![CDATA[Status of execution is -> 1]]>
            </line>
          </reporter-output>
        </test-method> <!-- loginTest -->
        <test-method is-config="true" signature="tearDown()[pri:0, instance:testcases.LoginSauceTest@58a9760d]" started-at="2024-08-24T13:38:02 EEST" name="tearDown" finished-at="2024-08-24T13:38:02 EEST" duration-ms="102" status="PASS">
          <reporter-output>
          </reporter-output>
        </test-method> <!-- tearDown -->
        <test-method is-config="true" signature="setUp()[pri:0, instance:testcases.LoginSauceTest@58a9760d]" started-at="2024-08-24T13:38:02 EEST" name="setUp" finished-at="2024-08-24T13:38:03 EEST" duration-ms="1005" status="PASS">
          <reporter-output>
          </reporter-output>
        </test-method> <!-- setUp -->
        <test-method signature="loginTest(java.lang.String,java.lang.String)[pri:0, instance:testcases.LoginSauceTest@58a9760d]" started-at="2024-08-24T13:38:03 EEST" name="loginTest" data-provider="logindata" finished-at="2024-08-24T13:38:03 EEST" duration-ms="250" status="FAIL">
          <params>
            <param index="0">
              <value>
                <![CDATA[locked_out_user]]>
              </value>
            </param>
            <param index="1">
              <value>
                <![CDATA[secret_sauce]]>
              </value>
            </param>
          </params>
          <exception class="java.lang.AssertionError">
            <message>
              <![CDATA[Login attempt with username: locked_out_user and password: secret_sauce failed. expected [https://www.saucedemo.com/inventory.html] but found [https://www.saucedemo.com/]]]>
            </message>
            <full-stacktrace>
              <![CDATA[java.lang.AssertionError: Login attempt with username: locked_out_user and password: secret_sauce failed. expected [https://www.saucedemo.com/inventory.html] but found [https://www.saucedemo.com/]
at org.testng.Assert.fail(Assert.java:111)
at org.testng.Assert.failNotEquals(Assert.java:1578)
at org.testng.Assert.assertEqualsImpl(Assert.java:150)
at org.testng.Assert.assertEquals(Assert.java:132)
at org.testng.Assert.assertEquals(Assert.java:656)
at testcases.LoginSauceTest.loginTest(LoginSauceTest.java:27)
at java.base/jdk.internal.reflect.DirectMethodHandleAccessor.invoke(DirectMethodHandleAccessor.java:103)
at java.base/java.lang.reflect.Method.invoke(Method.java:580)
at org.testng.internal.invokers.MethodInvocationHelper.invokeMethod(MethodInvocationHelper.java:139)
at org.testng.internal.invokers.TestInvoker.invokeMethod(TestInvoker.java:664)
at org.testng.internal.invokers.TestInvoker.invokeTestMethod(TestInvoker.java:228)
at org.testng.internal.invokers.MethodRunner.runInSequence(MethodRunner.java:63)
at org.testng.internal.invokers.TestInvoker$MethodInvocationAgent.invoke(TestInvoker.java:961)
at org.testng.internal.invokers.TestInvoker.invokeTestMethods(TestInvoker.java:201)
at org.testng.internal.invokers.TestMethodWorker.invokeTestMethods(TestMethodWorker.java:148)
at org.testng.internal.invokers.TestMethodWorker.run(TestMethodWorker.java:128)
at java.base/java.util.ArrayList.forEach(ArrayList.java:1597)
at org.testng.TestRunner.privateRun(TestRunner.java:819)
at org.testng.TestRunner.run(TestRunner.java:619)
at org.testng.SuiteRunner.runTest(SuiteRunner.java:443)
at org.testng.SuiteRunner.runSequentially(SuiteRunner.java:437)
at org.testng.SuiteRunner.privateRun(SuiteRunner.java:397)
at org.testng.SuiteRunner.run(SuiteRunner.java:336)
at org.testng.SuiteRunnerWorker.runSuite(SuiteRunnerWorker.java:52)
at org.testng.SuiteRunnerWorker.run(SuiteRunnerWorker.java:95)
at org.testng.TestNG.runSuitesSequentially(TestNG.java:1301)
at org.testng.TestNG.runSuitesLocally(TestNG.java:1228)
at org.testng.TestNG.runSuites(TestNG.java:1134)
at org.testng.TestNG.run(TestNG.java:1101)
at org.apache.maven.surefire.testng.TestNGExecutor.run(TestNGExecutor.java:283)
at org.apache.maven.surefire.testng.TestNGXmlTestSuite.execute(TestNGXmlTestSuite.java:75)
at org.apache.maven.surefire.testng.TestNGProvider.invoke(TestNGProvider.java:120)
at org.apache.maven.surefire.booter.ForkedBooter.invokeProviderInSameClassLoader(ForkedBooter.java:384)
at org.apache.maven.surefire.booter.ForkedBooter.runSuitesInProcess(ForkedBooter.java:345)
at org.apache.maven.surefire.booter.ForkedBooter.execute(ForkedBooter.java:126)
at org.apache.maven.surefire.booter.ForkedBooter.main(ForkedBooter.java:418)
]]>
            </full-stacktrace>
          </exception> <!-- java.lang.AssertionError -->
          <reporter-output>
            <line>
              <![CDATA[Method name is loginTest]]>
            </line>
            <line>
              <![CDATA[Status of execution is -> 2]]>
            </line>
            <line>
              <![CDATA[<a href="C:\Users\motzos\Desktop\JavaTesting\AutomationProjectJava\screenshot\Sat.Aug.24.13-38-03.EEST.2024.png">Failure screeshot</a>]]>
            </line>
          </reporter-output>
        </test-method> <!-- loginTest -->
        <test-method is-config="true" signature="tearDown()[pri:0, instance:testcases.LoginSauceTest@58a9760d]" started-at="2024-08-24T13:38:04 EEST" name="tearDown" finished-at="2024-08-24T13:38:04 EEST" duration-ms="182" status="PASS">
          <reporter-output>
          </reporter-output>
        </test-method> <!-- tearDown -->
        <test-method is-config="true" signature="setUp()[pri:0, instance:testcases.LoginSauceTest@58a9760d]" started-at="2024-08-24T13:38:04 EEST" name="setUp" finished-at="2024-08-24T13:38:05 EEST" duration-ms="1098" status="PASS">
          <reporter-output>
          </reporter-output>
        </test-method> <!-- setUp -->
        <test-method signature="loginTest(java.lang.String,java.lang.String)[pri:0, instance:testcases.LoginSauceTest@58a9760d]" started-at="2024-08-24T13:38:05 EEST" name="loginTest" data-provider="logindata" finished-at="2024-08-24T13:38:05 EEST" duration-ms="201" status="PASS">
          <params>
            <param index="0">
              <value>
                <![CDATA[visual_user]]>
              </value>
            </param>
            <param index="1">
              <value>
                <![CDATA[secret_sauce]]>
              </value>
            </param>
          </params>
          <reporter-output>
            <line>
              <![CDATA[Method name is loginTest]]>
            </line>
            <line>
              <![CDATA[Status of execution is -> 1]]>
            </line>
          </reporter-output>
        </test-method> <!-- loginTest -->
        <test-method is-config="true" signature="tearDown()[pri:0, instance:testcases.LoginSauceTest@58a9760d]" started-at="2024-08-24T13:38:05 EEST" name="tearDown" finished-at="2024-08-24T13:38:05 EEST" duration-ms="126" status="PASS">
          <reporter-output>
          </reporter-output>
        </test-method> <!-- tearDown -->
        <test-method is-config="true" signature="setUp()[pri:0, instance:testcases.LoginSauceTest@58a9760d]" started-at="2024-08-24T13:38:05 EEST" name="setUp" finished-at="2024-08-24T13:38:06 EEST" duration-ms="1055" status="PASS">
          <reporter-output>
          </reporter-output>
        </test-method> <!-- setUp -->
        <test-method signature="loginTest(java.lang.String,java.lang.String)[pri:0, instance:testcases.LoginSauceTest@58a9760d]" started-at="2024-08-24T13:38:06 EEST" name="loginTest" data-provider="logindata" finished-at="2024-08-24T13:38:06 EEST" duration-ms="220" status="PASS">
          <params>
            <param index="0">
              <value>
                <![CDATA[error_user]]>
              </value>
            </param>
            <param index="1">
              <value>
                <![CDATA[secret_sauce]]>
              </value>
            </param>
          </params>
          <reporter-output>
            <line>
              <![CDATA[Method name is loginTest]]>
            </line>
            <line>
              <![CDATA[Status of execution is -> 1]]>
            </line>
          </reporter-output>
        </test-method> <!-- loginTest -->
        <test-method is-config="true" signature="tearDown()[pri:0, instance:testcases.LoginSauceTest@58a9760d]" started-at="2024-08-24T13:38:06 EEST" name="tearDown" finished-at="2024-08-24T13:38:07 EEST" duration-ms="134" status="PASS">
          <reporter-output>
          </reporter-output>
        </test-method> <!-- tearDown -->
      </class> <!-- testcases.LoginSauceTest -->
      <class name="testcases.SauceDemo">
        <test-method is-config="true" signature="setUp()[pri:0, instance:testcases.SauceDemo@683dbc2c]" started-at="2024-08-24T13:38:07 EEST" name="setUp" finished-at="2024-08-24T13:38:08 EEST" duration-ms="1031" status="PASS">
          <reporter-output>
          </reporter-output>
        </test-method> <!-- setUp -->
        <test-method signature="checkItems()[pri:1, instance:testcases.SauceDemo@683dbc2c]" started-at="2024-08-24T13:38:08 EEST" name="checkItems" finished-at="2024-08-24T13:38:08 EEST" duration-ms="806" status="PASS">
          <reporter-output>
            <line>
              <![CDATA[Method name is checkItems]]>
            </line>
            <line>
              <![CDATA[Status of execution is -> 1]]>
            </line>
          </reporter-output>
        </test-method> <!-- checkItems -->
        <test-method is-config="true" signature="tearDown()[pri:0, instance:testcases.SauceDemo@683dbc2c]" started-at="2024-08-24T13:38:08 EEST" name="tearDown" finished-at="2024-08-24T13:38:09 EEST" duration-ms="89" status="PASS">
          <reporter-output>
          </reporter-output>
        </test-method> <!-- tearDown -->
        <test-method is-config="true" signature="setUp()[pri:0, instance:testcases.SauceDemo@683dbc2c]" started-at="2024-08-24T13:38:09 EEST" name="setUp" finished-at="2024-08-24T13:38:10 EEST" duration-ms="1018" status="PASS">
          <reporter-output>
          </reporter-output>
        </test-method> <!-- setUp -->
        <test-method signature="checkCart()[pri:2, instance:testcases.SauceDemo@683dbc2c]" started-at="2024-08-24T13:38:10 EEST" name="checkCart" finished-at="2024-08-24T13:38:10 EEST" duration-ms="303" status="PASS">
          <reporter-output>
            <line>
              <![CDATA[Method name is checkCart]]>
            </line>
            <line>
              <![CDATA[Status of execution is -> 1]]>
            </line>
          </reporter-output>
        </test-method> <!-- checkCart -->
        <test-method is-config="true" signature="tearDown()[pri:0, instance:testcases.SauceDemo@683dbc2c]" started-at="2024-08-24T13:38:10 EEST" name="tearDown" finished-at="2024-08-24T13:38:10 EEST" duration-ms="101" status="PASS">
          <reporter-output>
          </reporter-output>
        </test-method> <!-- tearDown -->
        <test-method is-config="true" signature="setUp()[pri:0, instance:testcases.SauceDemo@683dbc2c]" started-at="2024-08-24T13:38:10 EEST" name="setUp" finished-at="2024-08-24T13:38:11 EEST" duration-ms="1051" status="PASS">
          <reporter-output>
          </reporter-output>
        </test-method> <!-- setUp -->
        <test-method signature="checkRemoveButton()[pri:3, instance:testcases.SauceDemo@683dbc2c]" started-at="2024-08-24T13:38:11 EEST" name="checkRemoveButton" finished-at="2024-08-24T13:38:11 EEST" duration-ms="326" status="PASS">
          <reporter-output>
            <line>
              <![CDATA[Method name is checkRemoveButton]]>
            </line>
            <line>
              <![CDATA[Status of execution is -> 1]]>
            </line>
          </reporter-output>
        </test-method> <!-- checkRemoveButton -->
        <test-method is-config="true" signature="tearDown()[pri:0, instance:testcases.SauceDemo@683dbc2c]" started-at="2024-08-24T13:38:11 EEST" name="tearDown" finished-at="2024-08-24T13:38:11 EEST" duration-ms="92" status="PASS">
          <reporter-output>
          </reporter-output>
        </test-method> <!-- tearDown -->
      </class> <!-- testcases.SauceDemo -->
      <class name="testcases.SelectButtonSauce">
        <test-method is-config="true" signature="setUp()[pri:0, instance:testcases.SelectButtonSauce@68267da0]" started-at="2024-08-24T13:38:11 EEST" name="setUp" finished-at="2024-08-24T13:38:13 EEST" duration-ms="1056" status="PASS">
          <reporter-output>
          </reporter-output>
        </test-method> <!-- setUp -->
        <test-method signature="itemSorting()[pri:0, instance:testcases.SelectButtonSauce@68267da0]" started-at="2024-08-24T13:38:13 EEST" name="itemSorting" finished-at="2024-08-24T13:38:13 EEST" duration-ms="588" status="PASS">
          <reporter-output>
            <line>
              <![CDATA[Method name is itemSorting]]>
            </line>
            <line>
              <![CDATA[Status of execution is -> 1]]>
            </line>
          </reporter-output>
        </test-method> <!-- itemSorting -->
        <test-method is-config="true" signature="tearDown()[pri:0, instance:testcases.SelectButtonSauce@68267da0]" started-at="2024-08-24T13:38:13 EEST" name="tearDown" finished-at="2024-08-24T13:38:13 EEST" duration-ms="142" status="PASS">
          <reporter-output>
          </reporter-output>
        </test-method> <!-- tearDown -->
      </class> <!-- testcases.SelectButtonSauce -->
    </test> <!-- Automation Tests -->
  </suite> <!-- Suite -->
</testng-results>
